<?xml version="1.0" encoding="UTF-8"?>
<testsuite name="MainTest" tests="1" skipped="0" failures="0" errors="0" timestamp="2024-01-12T11:13:25" hostname="LAPTOP-N2GTBKAC" time="0.042">
  <properties/>
  <testcase name="testMain()" classname="MainTest" time="0.042"/>
  <system-out><![CDATA[]]></system-out>
  <system-err><![CDATA[]]></system-err>
</testsuite>
