<?xml version="1.0" encoding="UTF-8"?>
<testsuite name="CountConsonantsTest" tests="2" skipped="0" failures="0" errors="0" timestamp="2024-01-12T10:49:55" hostname="LAPTOP-N2GTBKAC" time="0.061">
  <properties/>
  <testcase name="testCountConsonants()" classname="CountConsonantsTest" time="0.054"/>
  <testcase name="testSetAndGetConsonants()" classname="CountConsonantsTest" time="0.005"/>
  <system-out><![CDATA[]]></system-out>
  <system-err><![CDATA[]]></system-err>
</testsuite>
