<?xml version="1.0" encoding="UTF-8"?>
<testsuite name="AccountTest" tests="3" skipped="0" failures="0" errors="0" timestamp="2024-01-12T11:13:25" hostname="LAPTOP-N2GTBKAC" time="0.08">
  <properties/>
  <testcase name="testWithdrawInsufficientFunds()" classname="AccountTest" time="0.069"/>
  <testcase name="testWithdrawSufficientFunds()" classname="AccountTest" time="0.002"/>
  <testcase name="testDeposit()" classname="AccountTest" time="0.002"/>
  <system-out><![CDATA[Insufficient funds
]]></system-out>
  <system-err><![CDATA[]]></system-err>
</testsuite>
