<?xml version="1.0" encoding="UTF-8"?>
<testsuite name="CountVowelsTest" tests="1" skipped="0" failures="0" errors="0" timestamp="2024-01-12T10:49:55" hostname="LAPTOP-N2GTBKAC" time="0.008">
  <properties/>
  <testcase name="testCountVowels()" classname="CountVowelsTest" time="0.008"/>
  <system-out><![CDATA[]]></system-out>
  <system-err><![CDATA[]]></system-err>
</testsuite>
