<?xml version="1.0" encoding="UTF-8"?>
<testsuite name="BankTest" tests="1" skipped="0" failures="0" errors="0" timestamp="2024-01-17T23:21:38" hostname="LAPTOP-N2GTBKAC" time="0.007">
  <properties/>
  <testcase name="testAddAccount()" classname="BankTest" time="0.007"/>
  <system-out><![CDATA[]]></system-out>
  <system-err><![CDATA[]]></system-err>
</testsuite>
