<?xml version="1.0" encoding="UTF-8"?>
<testsuite name="AccountTest" tests="3" skipped="0" failures="0" errors="0" timestamp="2024-01-17T23:21:38" hostname="LAPTOP-N2GTBKAC" time="0.257">
  <properties/>
  <testcase name="testWithdrawInsufficientFunds()" classname="AccountTest" time="0.248"/>
  <testcase name="testWithdrawSufficientFunds()" classname="AccountTest" time="0.001"/>
  <testcase name="testDeposit()" classname="AccountTest" time="0.003"/>
  <system-out><![CDATA[Insufficient funds
]]></system-out>
  <system-err><![CDATA[]]></system-err>
</testsuite>
